app/build/outputs/logs/manifest-merger-debug-report.txt
-- Merging decision tree log ---
manifest
ADDED from src\main\AndroidManifest.xml:2:1-72:12
INJECTED from src\main\AndroidManifest.xml:2:1-72:12
INJECTED from src\main\AndroidManifest.xml:2:1-72:12
INJECTED from src\main\AndroidManifest.xml:2:1-72:12
MERGED from [com.github.satyan:sugar:1.3] AndroidManifest.xml:2:1-17:12
MERGED from [com.android.support:appcompat-v7:26.1.0] AndroidManifest.xml:17:1-31:12
MERGED from [com.android.support.constraint:constraint-layout:1.1.3] AndroidManifest.xml:2:1-11:12
MERGED from [com.android.support:animated-vector-drawable:26.1.0] AndroidManifest.xml:17:1-28:12
MERGED from [com.android.support:support-vector-drawable:26.1.0] AndroidManifest.xml:17:1-28:12
MERGED from [com.android.support:support-v4:26.1.0] AndroidManifest.xml:17:1-31:12
MERGED from [com.android.support:support-media-compat:26.1.0] AndroidManifest.xml:17:1-31:12
MERGED from [com.android.support:support-fragment:26.1.0] AndroidManifest.xml:17:1-31:12
MERGED from [com.android.support:support-core-utils:26.1.0] AndroidManifest.xml:17:1-31:12
MERGED from [com.android.support:support-core-ui:26.1.0] AndroidManifest.xml:17:1-31:12
MERGED from [com.android.support:support-compat:26.1.0] AndroidManifest.xml:17:1-31:12
MERGED from [android.arch.lifecycle:runtime:1.0.0] AndroidManifest.xml:17:1-30:12
INJECTED from src\main\AndroidManifest.xml:2:1-72:12
INJECTED from src\main\AndroidManifest.xml:2:1-72:12
INJECTED from src\main\AndroidManifest.xml:2:1-72:12
	package
		ADDED from src\main\AndroidManifest.xml:4:5-35
		INJECTED from src\main\AndroidManifest.xml
		INJECTED from src\main\AndroidManifest.xml
	android:versionName
		INJECTED from src\main\AndroidManifest.xml
		ADDED from src\main\AndroidManifest.xml:2:1-72:12
		INJECTED from src\main\AndroidManifest.xml
	xmlns:tools
		ADDED from src\main\AndroidManifest.xml:3:5-51
	android:versionCode
		INJECTED from src\main\AndroidManifest.xml
		ADDED from src\main\AndroidManifest.xml:2:1-72:12
		INJECTED from src\main\AndroidManifest.xml
	xmlns:android
		ADDED from src\main\AndroidManifest.xml:2:11-69
application
ADDED from src\main\AndroidManifest.xml:6:5-70:19
MERGED from [com.github.satyan:sugar:1.3] AndroidManifest.xml:11:5-15:19
MERGED from [com.github.satyan:sugar:1.3] AndroidManifest.xml:11:5-15:19
MERGED from [com.android.support:appcompat-v7:26.1.0] AndroidManifest.xml:25:5-29:19
MERGED from [com.android.support:appcompat-v7:26.1.0] AndroidManifest.xml:25:5-29:19
MERGED from [com.android.support.constraint:constraint-layout:1.1.3] AndroidManifest.xml:9:5-20
MERGED from [com.android.support.constraint:constraint-layout:1.1.3] AndroidManifest.xml:9:5-20
MERGED from [com.android.support:animated-vector-drawable:26.1.0] AndroidManifest.xml:22:5-26:19
MERGED from [com.android.support:animated-vector-drawable:26.1.0] AndroidManifest.xml:22:5-26:19
MERGED from [com.android.support:support-vector-drawable:26.1.0] AndroidManifest.xml:22:5-26:19
MERGED from [com.android.support:support-vector-drawable:26.1.0] AndroidManifest.xml:22:5-26:19
MERGED from [com.android.support:support-v4:26.1.0] AndroidManifest.xml:25:5-29:19
MERGED from [com.android.support:support-v4:26.1.0] AndroidManifest.xml:25:5-29:19
MERGED from [com.android.support:support-media-compat:26.1.0] AndroidManifest.xml:25:5-29:19
MERGED from [com.android.support:support-media-compat:26.1.0] AndroidManifest.xml:25:5-29:19
MERGED from [com.android.support:support-fragment:26.1.0] AndroidManifest.xml:25:5-29:19
MERGED from [com.android.support:support-fragment:26.1.0] AndroidManifest.xml:25:5-29:19
MERGED from [com.android.support:support-core-utils:26.1.0] AndroidManifest.xml:25:5-29:19
MERGED from [com.android.support:support-core-utils:26.1.0] AndroidManifest.xml:25:5-29:19
MERGED from [com.android.support:support-core-ui:26.1.0] AndroidManifest.xml:25:5-29:19
MERGED from [com.android.support:support-core-ui:26.1.0] AndroidManifest.xml:25:5-29:19
MERGED from [com.android.support:support-compat:26.1.0] AndroidManifest.xml:25:5-29:19
MERGED from [com.android.support:support-compat:26.1.0] AndroidManifest.xml:25:5-29:19
MERGED from [android.arch.lifecycle:runtime:1.0.0] AndroidManifest.xml:24:5-28:19
MERGED from [android.arch.lifecycle:runtime:1.0.0] AndroidManifest.xml:24:5-28:19
	android:supportsRtl
		ADDED from src\main\AndroidManifest.xml:11:9-35
	android:label
		ADDED from src\main\AndroidManifest.xml:10:9-41
	android:icon
		ADDED from src\main\AndroidManifest.xml:9:9-46
		REJECTED from [com.github.satyan:sugar:1.3] AndroidManifest.xml:13:9-45
	android:allowBackup
		ADDED from src\main\AndroidManifest.xml:8:9-35
	android:theme
		ADDED from src\main\AndroidManifest.xml:12:9-40
	tools:replace
		ADDED from src\main\AndroidManifest.xml:13:9-37
	android:name
		ADDED from src\main\AndroidManifest.xml:7:9-40
activity#progmobile.ludolearn.AccueilActivity
ADDED from src\main\AndroidManifest.xml:14:9-22:20
	android:screenOrientation
		ADDED from src\main\AndroidManifest.xml:16:13-49
	android:name
		ADDED from src\main\AndroidManifest.xml:15:13-44
intent-filter#android.intent.action.MAIN+android.intent.category.LAUNCHER
ADDED from src\main\AndroidManifest.xml:17:13-21:29
action#android.intent.action.MAIN
ADDED from src\main\AndroidManifest.xml:18:17-69
	android:name
		ADDED from src\main\AndroidManifest.xml:18:25-66
category#android.intent.category.LAUNCHER
ADDED from src\main\AndroidManifest.xml:20:17-77
	android:name
		ADDED from src\main\AndroidManifest.xml:20:27-74
activity#progmobile.ludolearn.choixConnectionActivity
ADDED from src\main\AndroidManifest.xml:23:9-25:52
	android:screenOrientation
		ADDED from src\main\AndroidManifest.xml:25:13-49
	android:name
		ADDED from src\main\AndroidManifest.xml:24:13-52
activity#progmobile.ludolearn.ConnexionActivity
ADDED from src\main\AndroidManifest.xml:26:9-28:52
	android:screenOrientation
		ADDED from src\main\AndroidManifest.xml:28:13-49
	android:name
		ADDED from src\main\AndroidManifest.xml:27:13-46
activity#progmobile.ludolearn.inscriptionActivity
ADDED from src\main\AndroidManifest.xml:29:9-31:52
	android:screenOrientation
		ADDED from src\main\AndroidManifest.xml:31:13-49
	android:name
		ADDED from src\main\AndroidManifest.xml:30:13-48
meta-data#DATABASE
ADDED from src\main\AndroidManifest.xml:33:9-35:43
	android:value
		ADDED from src\main\AndroidManifest.xml:35:13-40
	android:name
		ADDED from src\main\AndroidManifest.xml:34:13-36
meta-data#VERSION
ADDED from src\main\AndroidManifest.xml:36:9-38:34
	android:value
		ADDED from src\main\AndroidManifest.xml:38:13-31
	android:name
		ADDED from src\main\AndroidManifest.xml:37:13-35
meta-data#QUERY_LOG
ADDED from src\main\AndroidManifest.xml:39:9-41:36
	android:value
		ADDED from src\main\AndroidManifest.xml:41:13-33
	android:name
		ADDED from src\main\AndroidManifest.xml:40:13-37
meta-data#DOMAIN_PACKAGE_NAME
ADDED from src\main\AndroidManifest.xml:42:9-44:55
	android:value
		ADDED from src\main\AndroidManifest.xml:44:13-52
	android:name
		ADDED from src\main\AndroidManifest.xml:43:13-47
activity#progmobile.ludolearn.choixExerciceActivity
ADDED from src\main\AndroidManifest.xml:46:9-48:52
	android:screenOrientation
		ADDED from src\main\AndroidManifest.xml:48:13-49
	android:name
		ADDED from src\main\AndroidManifest.xml:47:13-50
activity#progmobile.ludolearn.MathsActivity
ADDED from src\main\AndroidManifest.xml:49:9-51:52
	android:screenOrientation
		ADDED from src\main\AndroidManifest.xml:51:13-49
	android:name
		ADDED from src\main\AndroidManifest.xml:50:13-42
activity#progmobile.ludolearn.CultureActivity
ADDED from src\main\AndroidManifest.xml:52:9-54:52
	android:screenOrientation
		ADDED from src\main\AndroidManifest.xml:54:13-49
	android:name
		ADDED from src\main\AndroidManifest.xml:53:13-44
activity#progmobile.ludolearn.ChoixTableMultiplication
ADDED from src\main\AndroidManifest.xml:55:9-57:52
	android:screenOrientation
		ADDED from src\main\AndroidManifest.xml:57:13-49
	android:name
		ADDED from src\main\AndroidManifest.xml:56:13-53
activity#progmobile.ludolearn.ResultatCultureActivity
ADDED from src\main\AndroidManifest.xml:58:9-60:52
	android:screenOrientation
		ADDED from src\main\AndroidManifest.xml:60:13-49
	android:name
		ADDED from src\main\AndroidManifest.xml:59:13-52
activity#progmobile.ludolearn.PenduActivity
ADDED from src\main\AndroidManifest.xml:61:9-63:52
	android:screenOrientation
		ADDED from src\main\AndroidManifest.xml:63:13-49
	android:name
		ADDED from src\main\AndroidManifest.xml:62:13-42
activity#progmobile.ludolearn.CalculsActivity
ADDED from src\main\AndroidManifest.xml:64:9-66:52
	android:screenOrientation
		ADDED from src\main\AndroidManifest.xml:66:13-49
	android:name
		ADDED from src\main\AndroidManifest.xml:65:13-44
activity#progmobile.ludolearn.ResultatMathsActivity
ADDED from src\main\AndroidManifest.xml:67:9-69:52
	android:screenOrientation
		ADDED from src\main\AndroidManifest.xml:69:13-49
	android:name
		ADDED from src\main\AndroidManifest.xml:68:13-50
uses-sdk
INJECTED from src\main\AndroidManifest.xml reason: use-sdk injection requested
INJECTED from src\main\AndroidManifest.xml
INJECTED from src\main\AndroidManifest.xml
MERGED from [com.github.satyan:sugar:1.3] AndroidManifest.xml:7:5-9:41
MERGED from [com.github.satyan:sugar:1.3] AndroidManifest.xml:7:5-9:41
MERGED from [com.android.support:appcompat-v7:26.1.0] AndroidManifest.xml:21:5-23:78
MERGED from [com.android.support:appcompat-v7:26.1.0] AndroidManifest.xml:21:5-23:78
MERGED from [com.android.support.constraint:constraint-layout:1.1.3] AndroidManifest.xml:5:5-7:41
MERGED from [com.android.support.constraint:constraint-layout:1.1.3] AndroidManifest.xml:5:5-7:41
MERGED from [com.android.support:animated-vector-drawable:26.1.0] AndroidManifest.xml:20:5-44
MERGED from [com.android.support:animated-vector-drawable:26.1.0] AndroidManifest.xml:20:5-44
MERGED from [com.android.support:support-vector-drawable:26.1.0] AndroidManifest.xml:20:5-44
MERGED from [com.android.support:support-vector-drawable:26.1.0] AndroidManifest.xml:20:5-44
MERGED from [com.android.support:support-v4:26.1.0] AndroidManifest.xml:21:5-23:54
MERGED from [com.android.support:support-v4:26.1.0] AndroidManifest.xml:21:5-23:54
MERGED from [com.android.support:support-media-compat:26.1.0] AndroidManifest.xml:21:5-23:63
MERGED from [com.android.support:support-media-compat:26.1.0] AndroidManifest.xml:21:5-23:63
MERGED from [com.android.support:support-fragment:26.1.0] AndroidManifest.xml:21:5-23:60
MERGED from [com.android.support:support-fragment:26.1.0] AndroidManifest.xml:21:5-23:60
MERGED from [com.android.support:support-core-utils:26.1.0] AndroidManifest.xml:21:5-23:61
MERGED from [com.android.support:support-core-utils:26.1.0] AndroidManifest.xml:21:5-23:61
MERGED from [com.android.support:support-core-ui:26.1.0] AndroidManifest.xml:21:5-23:58
MERGED from [com.android.support:support-core-ui:26.1.0] AndroidManifest.xml:21:5-23:58
MERGED from [com.android.support:support-compat:26.1.0] AndroidManifest.xml:21:5-23:58
MERGED from [com.android.support:support-compat:26.1.0] AndroidManifest.xml:21:5-23:58
MERGED from [android.arch.lifecycle:runtime:1.0.0] AndroidManifest.xml:20:5-22:41
MERGED from [android.arch.lifecycle:runtime:1.0.0] AndroidManifest.xml:20:5-22:41
INJECTED from src\main\AndroidManifest.xml
INJECTED from src\main\AndroidManifest.xml
	tools:overrideLibrary
		ADDED from [com.android.support:appcompat-v7:26.1.0] AndroidManifest.xml:23:9-75
	android:targetSdkVersion
		INJECTED from src\main\AndroidManifest.xml
		ADDED from src\main\AndroidManifest.xml
		INJECTED from src\main\AndroidManifest.xml
	android:minSdkVersion
		INJECTED from src\main\AndroidManifest.xml
		ADDED from src\main\AndroidManifest.xml
		INJECTED from src\main\AndroidManifest.xml
meta-data#android.support.VERSION
ADDED from [com.android.support:appcompat-v7:26.1.0] AndroidManifest.xml:26:9-28:38
MERGED from [com.android.support:animated-vector-drawable:26.1.0] AndroidManifest.xml:23:9-25:38
MERGED from [com.android.support:animated-vector-drawable:26.1.0] AndroidManifest.xml:23:9-25:38
MERGED from [com.android.support:support-vector-drawable:26.1.0] AndroidManifest.xml:23:9-25:38
MERGED from [com.android.support:support-vector-drawable:26.1.0] AndroidManifest.xml:23:9-25:38
MERGED from [com.android.support:support-v4:26.1.0] AndroidManifest.xml:26:9-28:38
MERGED from [com.android.support:support-v4:26.1.0] AndroidManifest.xml:26:9-28:38
MERGED from [com.android.support:support-media-compat:26.1.0] AndroidManifest.xml:26:9-28:38
MERGED from [com.android.support:support-media-compat:26.1.0] AndroidManifest.xml:26:9-28:38
MERGED from [com.android.support:support-fragment:26.1.0] AndroidManifest.xml:26:9-28:38
MERGED from [com.android.support:support-fragment:26.1.0] AndroidManifest.xml:26:9-28:38
MERGED from [com.android.support:support-core-utils:26.1.0] AndroidManifest.xml:26:9-28:38
MERGED from [com.android.support:support-core-utils:26.1.0] AndroidManifest.xml:26:9-28:38
MERGED from [com.android.support:support-core-ui:26.1.0] AndroidManifest.xml:26:9-28:38
MERGED from [com.android.support:support-core-ui:26.1.0] AndroidManifest.xml:26:9-28:38
MERGED from [com.android.support:support-compat:26.1.0] AndroidManifest.xml:26:9-28:38
MERGED from [com.android.support:support-compat:26.1.0] AndroidManifest.xml:26:9-28:38
	android:value
		ADDED from [com.android.support:appcompat-v7:26.1.0] AndroidManifest.xml:28:13-35
	android:name
		ADDED from [com.android.support:appcompat-v7:26.1.0] AndroidManifest.xml:27:13-51
meta-data#android.arch.lifecycle.VERSION
ADDED from [android.arch.lifecycle:runtime:1.0.0] AndroidManifest.xml:25:9-27:47
	android:value
		ADDED from [android.arch.lifecycle:runtime:1.0.0] AndroidManifest.xml:27:13-44
	android:name
		ADDED from [android.arch.lifecycle:runtime:1.0.0] AndroidManifest.xml:26:13-58